<?xml version="1.0" encoding="UTF-8"?>
<!-- Generated by org.testng.reporters.JUnitReportReporter -->
<testsuite hostname="Swarnendu-PC" name="com.webdriver.maventest.First" tests="1" failures="0" timestamp="22 Sep 2015 11:38:48 GMT" time="2.337" errors="0">
  <testcase name="test" time="2.337" classname="com.webdriver.maventest.First"/>
</testsuite> <!-- com.webdriver.maventest.First -->
