<?xml version="1.0" encoding="UTF-8"?>
<!-- Generated by org.testng.reporters.JUnitReportReporter -->
<testsuite hostname="Swarnendu-PC" name="com.webdriver.maventest.test.demotest" tests="1" failures="0" timestamp="22 Sep 2015 13:22:25 GMT" time="0.000" errors="0">
  <testcase name="f" time="0.000" classname="com.webdriver.maventest.test.demotest"/>
</testsuite> <!-- com.webdriver.maventest.test.demotest -->
