<?xml version="1.0" encoding="UTF-8"?>
<!-- Generated by org.testng.reporters.JUnitReportReporter -->
<testsuite hostname="Swarnendu-PC" name="com.webdriver.maventest.test.FirstTest" tests="2" failures="0" timestamp="6 Jun 2016 12:38:15 GMT" time="4.001" errors="0">
  <testcase name="calculateValue" time="2.000" classname="com.webdriver.maventest.test.FirstTest"/>
  <testcase name="ssertValue" time="2.001" classname="com.webdriver.maventest.test.FirstTest"/>
</testsuite> <!-- com.webdriver.maventest.test.FirstTest -->
