<?xml version="1.0" encoding="UTF-8"?>
<!-- Generated by org.testng.reporters.JUnitReportReporter -->
<testsuite hostname="Swarnendu-PC" name="com.webdriver.maventest.test.demoTest" tests="1" failures="0" timestamp="6 Jun 2016 14:23:38 GMT" time="0.001" errors="0">
  <testcase name="f" time="0.001" classname="com.webdriver.maventest.test.demoTest"/>
</testsuite> <!-- com.webdriver.maventest.test.demoTest -->
