<?xml version="1.0" encoding="UTF-8"?>
<!-- Generated by org.testng.reporters.JUnitReportReporter -->
<testsuite hostname="Swarnendu-PC" name="com.webdriver.maventest.test.FirstTest" tests="2" failures="0" timestamp="6 Jun 2016 14:23:38 GMT" time="4.002" errors="0">
  <testcase name="calculateValue" time="2.001" classname="com.webdriver.maventest.test.FirstTest"/>
  <testcase name="assertValue" time="2.001" classname="com.webdriver.maventest.test.FirstTest"/>
</testsuite> <!-- com.webdriver.maventest.test.FirstTest -->
